<?xml version="1.0" encoding="UTF-8"?>
<!-- Generated by org.testng.reporters.JUnitReportReporter -->
<testsuite hostname="LAPTOP-TGI88RFU" failures="0" tests="2" name="tests.LoginTest" time="32.102" errors="0" timestamp="2025-07-25T22:42:08 IST" skipped="0">
  <testcase classname="tests.LoginTest" name="testLoginAfterSignup" time="16.091"/>
  <testcase classname="tests.LoginTest" name="testInvalidLogin" time="16.011"/>
</testsuite> <!-- tests.LoginTest -->
