<?xml version="1.0" encoding="UTF-8"?>
<!-- Generated by org.testng.reporters.JUnitReportReporter -->
<testsuite hostname="LAPTOP-TGI88RFU" failures="0" tests="1" name="tests.SignupTest" time="53.261" errors="0" timestamp="2025-07-25T22:42:08 IST" skipped="0">
  <testcase classname="tests.SignupTest" name="testSuccessfulSignup" time="53.261"/>
</testsuite> <!-- tests.SignupTest -->
